00:25:05 [main] TRACE c.e.b.c.d.DepartmentJdbcDaoImpl - Get all deparments
00:28:48 [main] TRACE c.e.b.c.d.DepartmentJdbcDaoImpl - Get all deparments
09:30:41 [main] TRACE c.e.b.c.d.DepartmentJdbcDaoImpl - Get all deparments
09:34:13 [main] TRACE c.e.b.c.d.DepartmentJdbcDaoImpl - Get all deparments
09:36:47 [main] TRACE c.e.b.c.d.DepartmentJdbcDaoImpl - Get all deparments
09:37:02 [main] TRACE c.e.b.c.d.DepartmentJdbcDaoImpl - Get all deparments
09:42:04 [main] TRACE c.e.b.c.d.DepartmentJdbcDaoImpl - Get all deparments
09:42:14 [main] TRACE c.e.b.c.d.DepartmentJdbcDaoImpl - Get all deparments
09:51:05 [main] TRACE c.e.b.c.d.DepartmentJdbcDaoImpl - Get all deparments
09:52:17 [main] TRACE c.e.b.c.d.DepartmentJdbcDaoImpl - Get all deparments
10:12:56 [main] TRACE c.e.b.c.d.DepartmentJdbcDaoImpl - Get all deparments
10:19:24 [main] TRACE c.e.b.c.d.DepartmentJdbcDaoImpl - Get deparment by id
10:19:24 [main] TRACE c.e.b.c.d.DepartmentJdbcDaoImpl - Get all deparments
11:11:47 [main] TRACE c.e.b.c.d.DepartmentJdbcDaoImpl - Get deparment by id
11:11:47 [main] TRACE c.e.b.c.d.DepartmentJdbcDaoImpl - Get all deparments
11:12:21 [main] TRACE c.e.b.c.d.DepartmentJdbcDaoImpl - Get deparment by id
11:12:22 [main] TRACE c.e.b.c.d.DepartmentJdbcDaoImpl - Get all deparments
11:12:47 [main] TRACE c.e.b.c.d.DepartmentJdbcDaoImpl - Get deparment by id
11:12:47 [main] TRACE c.e.b.c.d.DepartmentJdbcDaoImpl - Get all deparments
11:13:00 [main] TRACE c.e.b.c.d.DepartmentJdbcDaoImpl - Get deparment by id
11:13:00 [main] TRACE c.e.b.c.d.DepartmentJdbcDaoImpl - Get all deparments
11:13:41 [main] TRACE c.e.b.c.d.DepartmentJdbcDaoImpl - Get deparment by id
11:13:41 [main] TRACE c.e.b.c.d.DepartmentJdbcDaoImpl - Get all deparments
11:36:13 [main] TRACE c.e.b.c.d.DepartmentJdbcDaoImpl - Get deparment by id
11:36:13 [main] TRACE c.e.b.c.d.DepartmentJdbcDaoImpl - Get all deparments
11:36:13 [main] TRACE c.e.b.c.d.DepartmentJdbcDaoImpl - Insert deparment
11:36:26 [main] TRACE c.e.b.c.d.DepartmentJdbcDaoImpl - Get deparment by id
11:36:26 [main] TRACE c.e.b.c.d.DepartmentJdbcDaoImpl - Get all deparments
11:36:38 [main] TRACE c.e.b.c.d.DepartmentJdbcDaoImpl - Insert deparment
11:37:31 [main] TRACE c.e.b.c.d.DepartmentJdbcDaoImpl - Get deparment by id
11:37:31 [main] TRACE c.e.b.c.d.DepartmentJdbcDaoImpl - Get all deparments
11:37:36 [main] TRACE c.e.b.c.d.DepartmentJdbcDaoImpl - Insert deparment
11:47:28 [main] TRACE c.e.b.c.d.DepartmentJdbcDaoImpl - Get deparment by id
11:47:28 [main] TRACE c.e.b.c.d.DepartmentJdbcDaoImpl - Insert deparment
11:47:35 [main] TRACE c.e.b.c.d.DepartmentJdbcDaoImpl - Get all deparments
11:47:35 [main] TRACE c.e.b.c.d.DepartmentJdbcDaoImpl - Insert deparment
11:48:40 [main] TRACE c.e.b.c.d.DepartmentJdbcDaoImpl - Get deparment by id
11:48:40 [main] TRACE c.e.b.c.d.DepartmentJdbcDaoImpl - Insert deparment
11:48:40 [main] INFO  c.e.b.c.d.DepartmentJdbcDaoImpl - Department data was update for id: null
11:48:40 [main] TRACE c.e.b.c.d.DepartmentJdbcDaoImpl - Get all deparments
11:48:40 [main] TRACE c.e.b.c.d.DepartmentJdbcDaoImpl - Insert deparment
11:49:11 [main] TRACE c.e.b.c.d.DepartmentJdbcDaoImpl - Get deparment by id
11:49:11 [main] TRACE c.e.b.c.d.DepartmentJdbcDaoImpl - Insert deparment
11:49:11 [main] INFO  c.e.b.c.d.DepartmentJdbcDaoImpl - Department data was update for id: 5
11:49:11 [main] TRACE c.e.b.c.d.DepartmentJdbcDaoImpl - Get all deparments
11:49:11 [main] TRACE c.e.b.c.d.DepartmentJdbcDaoImpl - Insert deparment
11:49:31 [main] TRACE c.e.b.c.d.DepartmentJdbcDaoImpl - Get deparment by id
11:49:31 [main] TRACE c.e.b.c.d.DepartmentJdbcDaoImpl - Insert deparment
11:49:31 [main] INFO  c.e.b.c.d.DepartmentJdbcDaoImpl - Department data was update for id: 5
11:49:31 [main] TRACE c.e.b.c.d.DepartmentJdbcDaoImpl - Get all deparments
11:49:35 [main] TRACE c.e.b.c.d.DepartmentJdbcDaoImpl - Insert deparment
11:50:27 [main] TRACE c.e.b.c.d.DepartmentJdbcDaoImpl - Get deparment by id
11:50:27 [main] TRACE c.e.b.c.d.DepartmentJdbcDaoImpl - Insert deparment
11:50:27 [main] INFO  c.e.b.c.d.DepartmentJdbcDaoImpl - Department data was update for id: 5
11:50:27 [main] TRACE c.e.b.c.d.DepartmentJdbcDaoImpl - Get all deparments
11:50:42 [main] TRACE c.e.b.c.d.DepartmentJdbcDaoImpl - Insert deparment
11:50:48 [main] TRACE c.e.b.c.d.DepartmentJdbcDaoImpl - Get deparment by id
11:50:48 [main] TRACE c.e.b.c.d.DepartmentJdbcDaoImpl - Insert deparment
11:50:48 [main] INFO  c.e.b.c.d.DepartmentJdbcDaoImpl - Department data was update for id: 5
11:50:48 [main] TRACE c.e.b.c.d.DepartmentJdbcDaoImpl - Get all deparments
11:50:48 [main] TRACE c.e.b.c.d.DepartmentJdbcDaoImpl - Insert deparment
11:50:58 [main] TRACE c.e.b.c.d.DepartmentJdbcDaoImpl - Get deparment by id
11:50:58 [main] TRACE c.e.b.c.d.DepartmentJdbcDaoImpl - Insert deparment
11:50:58 [main] INFO  c.e.b.c.d.DepartmentJdbcDaoImpl - Department data was update for id: 5
11:50:58 [main] TRACE c.e.b.c.d.DepartmentJdbcDaoImpl - Get all deparments
11:51:01 [main] TRACE c.e.b.c.d.DepartmentJdbcDaoImpl - Insert deparment
11:51:25 [main] TRACE c.e.b.c.d.DepartmentJdbcDaoImpl - Get deparment by id
11:51:25 [main] TRACE c.e.b.c.d.DepartmentJdbcDaoImpl - Insert deparment
11:51:25 [main] INFO  c.e.b.c.d.DepartmentJdbcDaoImpl - Department data was update for id: 5
11:51:25 [main] TRACE c.e.b.c.d.DepartmentJdbcDaoImpl - Get all deparments
11:52:14 [main] TRACE c.e.b.c.d.DepartmentJdbcDaoImpl - Insert deparment
11:52:21 [main] TRACE c.e.b.c.d.DepartmentJdbcDaoImpl - Get deparment by id
11:52:21 [main] TRACE c.e.b.c.d.DepartmentJdbcDaoImpl - Get all deparments
11:52:21 [main] TRACE c.e.b.c.d.DepartmentJdbcDaoImpl - Insert deparment
11:53:36 [main] TRACE c.e.b.c.d.DepartmentJdbcDaoImpl - Get deparment by id
11:53:36 [main] TRACE c.e.b.c.d.DepartmentJdbcDaoImpl - Get all deparments
11:53:36 [main] TRACE c.e.b.c.d.DepartmentJdbcDaoImpl - Add deparment
11:54:08 [main] TRACE c.e.b.c.d.DepartmentJdbcDaoImpl - Get deparment by id
11:54:08 [main] TRACE c.e.b.c.d.DepartmentJdbcDaoImpl - Get all deparments
11:54:08 [main] TRACE c.e.b.c.d.DepartmentJdbcDaoImpl - Add deparment
11:54:08 [main] INFO  c.e.b.c.d.DepartmentJdbcDaoImpl - Department data was update for id: 5
11:55:31 [main] TRACE c.e.b.c.d.DepartmentJdbcDaoImpl - Get deparment by id
11:55:31 [main] TRACE c.e.b.c.d.DepartmentJdbcDaoImpl - Get all deparments
11:55:31 [main] TRACE c.e.b.c.d.DepartmentJdbcDaoImpl - Add deparment
11:55:31 [main] INFO  c.e.b.c.d.DepartmentJdbcDaoImpl - Department was add with id: 5
11:58:55 [main] TRACE c.e.b.c.d.DepartmentJdbcDaoImpl - Get deparment by id
11:58:55 [main] TRACE c.e.b.c.d.DepartmentJdbcDaoImpl - Add deparment
11:58:55 [main] INFO  c.e.b.c.d.DepartmentJdbcDaoImpl - Department was add with id: 5
11:58:55 [main] TRACE c.e.b.c.d.DepartmentJdbcDaoImpl - Update deparment
11:58:55 [main] TRACE c.e.b.c.d.DepartmentJdbcDaoImpl - Get all deparments
11:58:55 [main] TRACE c.e.b.c.d.DepartmentJdbcDaoImpl - Add deparment
11:59:41 [main] TRACE c.e.b.c.d.DepartmentJdbcDaoImpl - Get deparment by id
11:59:41 [main] TRACE c.e.b.c.d.DepartmentJdbcDaoImpl - Add deparment
11:59:41 [main] INFO  c.e.b.c.d.DepartmentJdbcDaoImpl - Department was add with id: 5
11:59:41 [main] TRACE c.e.b.c.d.DepartmentJdbcDaoImpl - Get all deparments
11:59:41 [main] TRACE c.e.b.c.d.DepartmentJdbcDaoImpl - Add deparment
11:59:58 [main] TRACE c.e.b.c.d.DepartmentJdbcDaoImpl - Get deparment by id
11:59:58 [main] TRACE c.e.b.c.d.DepartmentJdbcDaoImpl - Add deparment
11:59:58 [main] INFO  c.e.b.c.d.DepartmentJdbcDaoImpl - Department was add with id: 5
11:59:58 [main] TRACE c.e.b.c.d.DepartmentJdbcDaoImpl - Get all deparments
11:59:58 [main] TRACE c.e.b.c.d.DepartmentJdbcDaoImpl - Add deparment
11:59:58 [main] INFO  c.e.b.c.d.DepartmentJdbcDaoImpl - Department was add with id: 6
12:00:46 [main] TRACE c.e.b.c.d.DepartmentJdbcDaoImpl - Get deparment by id
12:00:46 [main] TRACE c.e.b.c.d.DepartmentJdbcDaoImpl - Add deparment
12:00:46 [main] INFO  c.e.b.c.d.DepartmentJdbcDaoImpl - Department was add with id: 5
12:00:46 [main] TRACE c.e.b.c.d.DepartmentJdbcDaoImpl - Update deparment
12:00:46 [main] TRACE c.e.b.c.d.DepartmentJdbcDaoImpl - Get all deparments
12:00:46 [main] TRACE c.e.b.c.d.DepartmentJdbcDaoImpl - Add deparment
12:00:46 [main] INFO  c.e.b.c.d.DepartmentJdbcDaoImpl - Department was add with id: 6
12:01:57 [main] TRACE c.e.b.c.d.DepartmentJdbcDaoImpl - Get deparment by id
12:01:57 [main] TRACE c.e.b.c.d.DepartmentJdbcDaoImpl - Add deparment
12:01:57 [main] INFO  c.e.b.c.d.DepartmentJdbcDaoImpl - Department was add with id: 5
12:01:57 [main] TRACE c.e.b.c.d.DepartmentJdbcDaoImpl - Update deparment
12:01:57 [main] TRACE c.e.b.c.d.DepartmentJdbcDaoImpl - Get all deparments
12:01:57 [main] TRACE c.e.b.c.d.DepartmentJdbcDaoImpl - Add deparment
12:01:57 [main] INFO  c.e.b.c.d.DepartmentJdbcDaoImpl - Department was add with id: 6
12:02:32 [main] TRACE c.e.b.c.d.DepartmentJdbcDaoImpl - Get deparment by id
12:02:32 [main] TRACE c.e.b.c.d.DepartmentJdbcDaoImpl - Add deparment
12:02:32 [main] INFO  c.e.b.c.d.DepartmentJdbcDaoImpl - Department was add with id: 5
12:02:32 [main] TRACE c.e.b.c.d.DepartmentJdbcDaoImpl - Update deparment
12:02:32 [main] INFO  c.e.b.c.d.DepartmentJdbcDaoImpl - Department data was update for id: 5
12:02:32 [main] TRACE c.e.b.c.d.DepartmentJdbcDaoImpl - Get all deparments
12:02:32 [main] TRACE c.e.b.c.d.DepartmentJdbcDaoImpl - Add deparment
12:02:32 [main] INFO  c.e.b.c.d.DepartmentJdbcDaoImpl - Department was add with id: 6
12:03:11 [main] TRACE c.e.b.c.d.DepartmentJdbcDaoImpl - Get deparment by id
12:03:11 [main] TRACE c.e.b.c.d.DepartmentJdbcDaoImpl - Add deparment
12:03:11 [main] INFO  c.e.b.c.d.DepartmentJdbcDaoImpl - Department was add with id: 5
12:03:11 [main] TRACE c.e.b.c.d.DepartmentJdbcDaoImpl - Update deparment
12:03:11 [main] INFO  c.e.b.c.d.DepartmentJdbcDaoImpl - Department data was update for id: 5
12:03:11 [main] TRACE c.e.b.c.d.DepartmentJdbcDaoImpl - Get all deparments
12:03:11 [main] TRACE c.e.b.c.d.DepartmentJdbcDaoImpl - Add deparment
12:03:11 [main] INFO  c.e.b.c.d.DepartmentJdbcDaoImpl - Department was add with id: 6
12:03:43 [main] TRACE c.e.b.c.d.DepartmentJdbcDaoImpl - Get deparment by id
12:03:43 [main] TRACE c.e.b.c.d.DepartmentJdbcDaoImpl - Add deparment
12:03:43 [main] INFO  c.e.b.c.d.DepartmentJdbcDaoImpl - Department was add with id: 5
12:03:43 [main] TRACE c.e.b.c.d.DepartmentJdbcDaoImpl - Update deparment
12:03:43 [main] INFO  c.e.b.c.d.DepartmentJdbcDaoImpl - Department data was update for id: 5
12:03:43 [main] TRACE c.e.b.c.d.DepartmentJdbcDaoImpl - Get deparment by id
12:03:43 [main] TRACE c.e.b.c.d.DepartmentJdbcDaoImpl - Get all deparments
12:03:43 [main] TRACE c.e.b.c.d.DepartmentJdbcDaoImpl - Add deparment
12:03:43 [main] INFO  c.e.b.c.d.DepartmentJdbcDaoImpl - Department was add with id: 6
12:05:59 [main] TRACE c.e.b.c.d.DepartmentJdbcDaoImpl - Add deparment
12:05:59 [main] INFO  c.e.b.c.d.DepartmentJdbcDaoImpl - Department was add with id: 5
12:05:59 [main] INFO  c.e.b.c.d.DepartmentJdbcDaoImpl - Delete department
12:05:59 [main] TRACE c.e.b.c.d.DepartmentJdbcDaoImpl - Get deparment by id
12:05:59 [main] TRACE c.e.b.c.d.DepartmentJdbcDaoImpl - Add deparment
12:05:59 [main] INFO  c.e.b.c.d.DepartmentJdbcDaoImpl - Department was add with id: 6
12:05:59 [main] TRACE c.e.b.c.d.DepartmentJdbcDaoImpl - Update deparment
12:05:59 [main] INFO  c.e.b.c.d.DepartmentJdbcDaoImpl - Department data was update for id: 6
12:05:59 [main] TRACE c.e.b.c.d.DepartmentJdbcDaoImpl - Get deparment by id
12:05:59 [main] TRACE c.e.b.c.d.DepartmentJdbcDaoImpl - Get all deparments
12:05:59 [main] TRACE c.e.b.c.d.DepartmentJdbcDaoImpl - Add deparment
12:05:59 [main] INFO  c.e.b.c.d.DepartmentJdbcDaoImpl - Department was add with id: 7
12:06:31 [main] TRACE c.e.b.c.d.DepartmentJdbcDaoImpl - Add deparment
12:06:31 [main] INFO  c.e.b.c.d.DepartmentJdbcDaoImpl - Department was add with id: 5
12:06:31 [main] INFO  c.e.b.c.d.DepartmentJdbcDaoImpl - Delete department
12:06:31 [main] INFO  c.e.b.c.d.DepartmentJdbcDaoImpl - Department data was delete for id: 5
12:06:31 [main] TRACE c.e.b.c.d.DepartmentJdbcDaoImpl - Get deparment by id
12:06:31 [main] TRACE c.e.b.c.d.DepartmentJdbcDaoImpl - Get deparment by id
12:06:31 [main] TRACE c.e.b.c.d.DepartmentJdbcDaoImpl - Add deparment
12:06:31 [main] INFO  c.e.b.c.d.DepartmentJdbcDaoImpl - Department was add with id: 6
12:06:31 [main] TRACE c.e.b.c.d.DepartmentJdbcDaoImpl - Update deparment
12:06:31 [main] INFO  c.e.b.c.d.DepartmentJdbcDaoImpl - Department data was update for id: 6
12:06:31 [main] TRACE c.e.b.c.d.DepartmentJdbcDaoImpl - Get deparment by id
12:06:31 [main] TRACE c.e.b.c.d.DepartmentJdbcDaoImpl - Get all deparments
12:06:31 [main] TRACE c.e.b.c.d.DepartmentJdbcDaoImpl - Add deparment
12:06:31 [main] INFO  c.e.b.c.d.DepartmentJdbcDaoImpl - Department was add with id: 7
12:07:03 [main] TRACE c.e.b.c.d.DepartmentJdbcDaoImpl - Add deparment
12:07:03 [main] INFO  c.e.b.c.d.DepartmentJdbcDaoImpl - Department was add with id: 5
12:07:17 [main] INFO  c.e.b.c.d.DepartmentJdbcDaoImpl - Delete department
12:07:54 [main] INFO  c.e.b.c.d.DepartmentJdbcDaoImpl - Department data was delete for id: 5
12:08:42 [main] TRACE c.e.b.c.d.DepartmentJdbcDaoImpl - Get deparment by id
12:08:43 [main] TRACE c.e.b.c.d.DepartmentJdbcDaoImpl - Get deparment by id
12:08:54 [main] TRACE c.e.b.c.d.DepartmentJdbcDaoImpl - Add deparment
12:08:54 [main] INFO  c.e.b.c.d.DepartmentJdbcDaoImpl - Department was add with id: 5
12:08:54 [main] INFO  c.e.b.c.d.DepartmentJdbcDaoImpl - Delete department
12:08:54 [main] INFO  c.e.b.c.d.DepartmentJdbcDaoImpl - Department data was delete for id: 5
12:08:55 [main] TRACE c.e.b.c.d.DepartmentJdbcDaoImpl - Get deparment by id
12:09:02 [main] TRACE c.e.b.c.d.DepartmentJdbcDaoImpl - Get deparment by id
12:09:02 [main] TRACE c.e.b.c.d.DepartmentJdbcDaoImpl - Add deparment
12:09:36 [main] TRACE c.e.b.c.d.DepartmentJdbcDaoImpl - Add deparment
12:09:36 [main] INFO  c.e.b.c.d.DepartmentJdbcDaoImpl - Department was add with id: 5
12:09:36 [main] INFO  c.e.b.c.d.DepartmentJdbcDaoImpl - Delete department
12:09:36 [main] INFO  c.e.b.c.d.DepartmentJdbcDaoImpl - Department data was delete for id: 5
12:09:36 [main] TRACE c.e.b.c.d.DepartmentJdbcDaoImpl - Get deparment by id
12:09:43 [main] TRACE c.e.b.c.d.DepartmentJdbcDaoImpl - Add deparment
12:09:43 [main] INFO  c.e.b.c.d.DepartmentJdbcDaoImpl - Department was add with id: 5
12:09:43 [main] INFO  c.e.b.c.d.DepartmentJdbcDaoImpl - Delete department
12:09:43 [main] INFO  c.e.b.c.d.DepartmentJdbcDaoImpl - Department data was delete for id: 5
12:09:51 [main] TRACE c.e.b.c.d.DepartmentJdbcDaoImpl - Get deparment by id
12:10:51 [main] TRACE c.e.b.c.d.DepartmentJdbcDaoImpl - Add deparment
12:10:52 [main] INFO  c.e.b.c.d.DepartmentJdbcDaoImpl - Department was add with id: 5
12:10:52 [main] INFO  c.e.b.c.d.DepartmentJdbcDaoImpl - Delete department
12:10:52 [main] INFO  c.e.b.c.d.DepartmentJdbcDaoImpl - Department data was delete for id: 5
12:11:11 [main] TRACE c.e.b.c.d.DepartmentJdbcDaoImpl - Get deparment by id
12:15:36 [main] TRACE c.e.b.c.d.DepartmentJdbcDaoImpl - Add deparment
12:15:36 [main] INFO  c.e.b.c.d.DepartmentJdbcDaoImpl - Department was add with id: 5
12:15:36 [main] INFO  c.e.b.c.d.DepartmentJdbcDaoImpl - Delete department
12:15:36 [main] INFO  c.e.b.c.d.DepartmentJdbcDaoImpl - Department data was delete for id: 5
12:15:38 [main] TRACE c.e.b.c.d.DepartmentJdbcDaoImpl - Get deparment by id
12:15:41 [main] ERROR c.e.b.c.d.DepartmentJdbcDaoImpl - Error during getting department with id: 5
12:15:49 [main] TRACE c.e.b.c.d.DepartmentJdbcDaoImpl - Get deparment by id
12:15:49 [main] TRACE c.e.b.c.d.DepartmentJdbcDaoImpl - Add deparment
12:15:55 [main] TRACE c.e.b.c.d.DepartmentJdbcDaoImpl - Add deparment
12:15:55 [main] INFO  c.e.b.c.d.DepartmentJdbcDaoImpl - Department was add with id: 5
12:15:55 [main] INFO  c.e.b.c.d.DepartmentJdbcDaoImpl - Delete department
12:15:55 [main] INFO  c.e.b.c.d.DepartmentJdbcDaoImpl - Department data was delete for id: 5
12:15:55 [main] TRACE c.e.b.c.d.DepartmentJdbcDaoImpl - Get deparment by id
12:15:55 [main] ERROR c.e.b.c.d.DepartmentJdbcDaoImpl - Error during getting department with id: 5
12:15:55 [main] TRACE c.e.b.c.d.DepartmentJdbcDaoImpl - Get deparment by id
12:15:55 [main] TRACE c.e.b.c.d.DepartmentJdbcDaoImpl - Add deparment
12:15:55 [main] INFO  c.e.b.c.d.DepartmentJdbcDaoImpl - Department was add with id: 6
12:15:55 [main] TRACE c.e.b.c.d.DepartmentJdbcDaoImpl - Update deparment
12:15:55 [main] INFO  c.e.b.c.d.DepartmentJdbcDaoImpl - Department data was update for id: 6
12:15:55 [main] TRACE c.e.b.c.d.DepartmentJdbcDaoImpl - Get deparment by id
12:15:55 [main] TRACE c.e.b.c.d.DepartmentJdbcDaoImpl - Get all deparments
12:15:55 [main] TRACE c.e.b.c.d.DepartmentJdbcDaoImpl - Add deparment
12:15:55 [main] INFO  c.e.b.c.d.DepartmentJdbcDaoImpl - Department was add with id: 7
15:04:22 [main] TRACE c.e.b.c.d.DepartmentJdbcDaoImpl - Add deparment
15:04:22 [main] INFO  c.e.b.c.d.DepartmentJdbcDaoImpl - Department was add with id: 5
15:04:22 [main] INFO  c.e.b.c.d.DepartmentJdbcDaoImpl - Delete department
15:04:22 [main] INFO  c.e.b.c.d.DepartmentJdbcDaoImpl - Department data was delete for id: 5
15:07:08 [main] TRACE c.e.b.c.d.DepartmentJdbcDaoImpl - Get deparment by id
15:07:08 [main] ERROR c.e.b.c.d.DepartmentJdbcDaoImpl - Error during getting department with id: 5
15:07:08 [main] TRACE c.e.b.c.d.DepartmentJdbcDaoImpl - Get deparment by id
15:07:08 [main] TRACE c.e.b.c.d.DepartmentJdbcDaoImpl - Add deparment
15:07:08 [main] INFO  c.e.b.c.d.DepartmentJdbcDaoImpl - Department was add with id: 6
15:07:08 [main] TRACE c.e.b.c.d.DepartmentJdbcDaoImpl - Update deparment
15:07:08 [main] INFO  c.e.b.c.d.DepartmentJdbcDaoImpl - Department data was update for id: 6
15:07:08 [main] TRACE c.e.b.c.d.DepartmentJdbcDaoImpl - Get deparment by id
15:07:08 [main] TRACE c.e.b.c.d.DepartmentJdbcDaoImpl - Get all deparments
15:07:08 [main] TRACE c.e.b.c.d.DepartmentJdbcDaoImpl - Add deparment
15:07:08 [main] INFO  c.e.b.c.d.DepartmentJdbcDaoImpl - Department was add with id: 7
15:07:16 [main] TRACE c.e.b.c.d.DepartmentJdbcDaoImpl - Add deparment
15:07:16 [main] INFO  c.e.b.c.d.DepartmentJdbcDaoImpl - Department was add with id: 5
15:07:16 [main] INFO  c.e.b.c.d.DepartmentJdbcDaoImpl - Delete department
15:07:16 [main] INFO  c.e.b.c.d.DepartmentJdbcDaoImpl - Department data was delete for id: 5
15:07:29 [main] TRACE c.e.b.c.d.DepartmentJdbcDaoImpl - Get deparment by id
15:07:34 [main] ERROR c.e.b.c.d.DepartmentJdbcDaoImpl - Error during getting department with id: 5
15:07:34 [main] TRACE c.e.b.c.d.DepartmentJdbcDaoImpl - Get deparment by id
15:07:34 [main] TRACE c.e.b.c.d.DepartmentJdbcDaoImpl - Add deparment
15:07:34 [main] INFO  c.e.b.c.d.DepartmentJdbcDaoImpl - Department was add with id: 6
15:07:34 [main] TRACE c.e.b.c.d.DepartmentJdbcDaoImpl - Update deparment
15:07:34 [main] INFO  c.e.b.c.d.DepartmentJdbcDaoImpl - Department data was update for id: 6
15:07:34 [main] TRACE c.e.b.c.d.DepartmentJdbcDaoImpl - Get deparment by id
15:07:34 [main] TRACE c.e.b.c.d.DepartmentJdbcDaoImpl - Get all deparments
15:07:34 [main] TRACE c.e.b.c.d.DepartmentJdbcDaoImpl - Add deparment
15:07:34 [main] INFO  c.e.b.c.d.DepartmentJdbcDaoImpl - Department was add with id: 7
15:09:59 [main] TRACE c.e.b.c.d.DepartmentJdbcDaoImpl - Add deparment
15:09:59 [main] INFO  c.e.b.c.d.DepartmentJdbcDaoImpl - Department was add with id: 5
15:09:59 [main] INFO  c.e.b.c.d.DepartmentJdbcDaoImpl - Delete department
15:09:59 [main] INFO  c.e.b.c.d.DepartmentJdbcDaoImpl - Department data was delete for id: 5
15:09:59 [main] TRACE c.e.b.c.d.DepartmentJdbcDaoImpl - Get deparment by id
15:09:59 [main] ERROR c.e.b.c.d.DepartmentJdbcDaoImpl - Error during getting department with id: 5
15:09:59 [main] TRACE c.e.b.c.d.DepartmentJdbcDaoImpl - Get deparment by id
15:09:59 [main] TRACE c.e.b.c.d.DepartmentJdbcDaoImpl - Add deparment
15:09:59 [main] INFO  c.e.b.c.d.DepartmentJdbcDaoImpl - Department was add with id: 6
15:09:59 [main] TRACE c.e.b.c.d.DepartmentJdbcDaoImpl - Update deparment
15:09:59 [main] INFO  c.e.b.c.d.DepartmentJdbcDaoImpl - Department data was update for id: 6
15:09:59 [main] TRACE c.e.b.c.d.DepartmentJdbcDaoImpl - Get deparment by id
15:09:59 [main] TRACE c.e.b.c.d.DepartmentJdbcDaoImpl - Get all deparments
15:09:59 [main] TRACE c.e.b.c.d.DepartmentJdbcDaoImpl - Add deparment
15:09:59 [main] INFO  c.e.b.c.d.DepartmentJdbcDaoImpl - Department was add with id: 7
15:16:44 [main] TRACE c.e.b.c.d.DepartmentJdbcDaoImpl - Add deparment
15:16:44 [main] INFO  c.e.b.c.d.DepartmentJdbcDaoImpl - Department was add with id: 5
15:16:44 [main] INFO  c.e.b.c.d.DepartmentJdbcDaoImpl - Delete department
15:16:44 [main] INFO  c.e.b.c.d.DepartmentJdbcDaoImpl - Department data was delete for id: 5
15:16:44 [main] TRACE c.e.b.c.d.DepartmentJdbcDaoImpl - Get deparment by id
15:16:44 [main] ERROR c.e.b.c.d.DepartmentJdbcDaoImpl - Error during getting department with id: 5
15:16:44 [main] TRACE c.e.b.c.d.DepartmentJdbcDaoImpl - Get deparment by id
15:16:44 [main] TRACE c.e.b.c.d.DepartmentJdbcDaoImpl - Add deparment
15:16:44 [main] INFO  c.e.b.c.d.DepartmentJdbcDaoImpl - Department was add with id: 6
15:16:44 [main] TRACE c.e.b.c.d.DepartmentJdbcDaoImpl - Update deparment
15:16:44 [main] INFO  c.e.b.c.d.DepartmentJdbcDaoImpl - Department data was update for id: 6
15:16:44 [main] TRACE c.e.b.c.d.DepartmentJdbcDaoImpl - Get deparment by id
15:16:44 [main] TRACE c.e.b.c.d.DepartmentJdbcDaoImpl - Get all deparments
15:16:44 [main] TRACE c.e.b.c.d.DepartmentJdbcDaoImpl - Add deparment
15:16:44 [main] INFO  c.e.b.c.d.DepartmentJdbcDaoImpl - Department was add with id: 7
